<?xml version="1.0" encoding="UTF-8"?>
<testsuite xmlns:xsi="http://www.w3.org/2001/XMLSchema-instance" xsi:noNamespaceSchemaLocation="https://maven.apache.org/surefire/maven-surefire-plugin/xsd/surefire-test-report.xsd" name="br.unasp.projeto.controle.PessoaControleTest" time="2.958" tests="5" errors="0" skipped="0" failures="2">
  <properties>
    <property name="sun.desktop" value="windows"/>
    <property name="awt.toolkit" value="sun.awt.windows.WToolkit"/>
    <property name="java.specification.version" value="11"/>
    <property name="sun.cpu.isalist" value="amd64"/>
    <property name="sun.jnu.encoding" value="Cp1252"/>
    <property name="java.class.path" value="C:\Colombo\Pessoal\UNASP-HT\projeto-software\ProjetoSoftware\ExemploSpringBoot03\target\test-classes;C:\Colombo\Pessoal\UNASP-HT\projeto-software\ProjetoSoftware\ExemploSpringBoot03\target\classes;C:\Colombo\Repository\org\springframework\boot\spring-boot-starter-web\2.7.2\spring-boot-starter-web-2.7.2.jar;C:\Colombo\Repository\org\springframework\boot\spring-boot-starter\2.7.2\spring-boot-starter-2.7.2.jar;C:\Colombo\Repository\org\springframework\boot\spring-boot\2.7.2\spring-boot-2.7.2.jar;C:\Colombo\Repository\org\springframework\boot\spring-boot-autoconfigure\2.7.2\spring-boot-autoconfigure-2.7.2.jar;C:\Colombo\Repository\org\springframework\boot\spring-boot-starter-logging\2.7.2\spring-boot-starter-logging-2.7.2.jar;C:\Colombo\Repository\ch\qos\logback\logback-classic\1.2.11\logback-classic-1.2.11.jar;C:\Colombo\Repository\ch\qos\logback\logback-core\1.2.11\logback-core-1.2.11.jar;C:\Colombo\Repository\org\apache\logging\log4j\log4j-to-slf4j\2.17.2\log4j-to-slf4j-2.17.2.jar;C:\Colombo\Repository\org\apache\logging\log4j\log4j-api\2.17.2\log4j-api-2.17.2.jar;C:\Colombo\Repository\org\slf4j\jul-to-slf4j\1.7.36\jul-to-slf4j-1.7.36.jar;C:\Colombo\Repository\jakarta\annotation\jakarta.annotation-api\1.3.5\jakarta.annotation-api-1.3.5.jar;C:\Colombo\Repository\org\yaml\snakeyaml\1.30\snakeyaml-1.30.jar;C:\Colombo\Repository\org\springframework\boot\spring-boot-starter-json\2.7.2\spring-boot-starter-json-2.7.2.jar;C:\Colombo\Repository\com\fasterxml\jackson\core\jackson-databind\2.13.3\jackson-databind-2.13.3.jar;C:\Colombo\Repository\com\fasterxml\jackson\core\jackson-annotations\2.13.3\jackson-annotations-2.13.3.jar;C:\Colombo\Repository\com\fasterxml\jackson\core\jackson-core\2.13.3\jackson-core-2.13.3.jar;C:\Colombo\Repository\com\fasterxml\jackson\datatype\jackson-datatype-jdk8\2.13.3\jackson-datatype-jdk8-2.13.3.jar;C:\Colombo\Repository\com\fasterxml\jackson\datatype\jackson-datatype-jsr310\2.13.3\jackson-datatype-jsr310-2.13.3.jar;C:\Colombo\Repository\com\fasterxml\jackson\module\jackson-module-parameter-names\2.13.3\jackson-module-parameter-names-2.13.3.jar;C:\Colombo\Repository\org\springframework\boot\spring-boot-starter-tomcat\2.7.2\spring-boot-starter-tomcat-2.7.2.jar;C:\Colombo\Repository\org\apache\tomcat\embed\tomcat-embed-core\9.0.65\tomcat-embed-core-9.0.65.jar;C:\Colombo\Repository\org\apache\tomcat\embed\tomcat-embed-el\9.0.65\tomcat-embed-el-9.0.65.jar;C:\Colombo\Repository\org\apache\tomcat\embed\tomcat-embed-websocket\9.0.65\tomcat-embed-websocket-9.0.65.jar;C:\Colombo\Repository\org\springframework\spring-web\5.3.22\spring-web-5.3.22.jar;C:\Colombo\Repository\org\springframework\spring-beans\5.3.22\spring-beans-5.3.22.jar;C:\Colombo\Repository\org\springframework\spring-webmvc\5.3.22\spring-webmvc-5.3.22.jar;C:\Colombo\Repository\org\springframework\spring-aop\5.3.22\spring-aop-5.3.22.jar;C:\Colombo\Repository\org\springframework\spring-context\5.3.22\spring-context-5.3.22.jar;C:\Colombo\Repository\org\springframework\spring-expression\5.3.22\spring-expression-5.3.22.jar;C:\Colombo\Repository\org\springframework\boot\spring-boot-starter-test\2.7.2\spring-boot-starter-test-2.7.2.jar;C:\Colombo\Repository\org\springframework\boot\spring-boot-test\2.7.2\spring-boot-test-2.7.2.jar;C:\Colombo\Repository\org\springframework\boot\spring-boot-test-autoconfigure\2.7.2\spring-boot-test-autoconfigure-2.7.2.jar;C:\Colombo\Repository\com\jayway\jsonpath\json-path\2.7.0\json-path-2.7.0.jar;C:\Colombo\Repository\net\minidev\json-smart\2.4.8\json-smart-2.4.8.jar;C:\Colombo\Repository\net\minidev\accessors-smart\2.4.8\accessors-smart-2.4.8.jar;C:\Colombo\Repository\org\ow2\asm\asm\9.1\asm-9.1.jar;C:\Colombo\Repository\org\slf4j\slf4j-api\1.7.36\slf4j-api-1.7.36.jar;C:\Colombo\Repository\jakarta\xml\bind\jakarta.xml.bind-api\2.3.3\jakarta.xml.bind-api-2.3.3.jar;C:\Colombo\Repository\jakarta\activation\jakarta.activation-api\1.2.2\jakarta.activation-api-1.2.2.jar;C:\Colombo\Repository\org\assertj\assertj-core\3.22.0\assertj-core-3.22.0.jar;C:\Colombo\Repository\org\hamcrest\hamcrest\2.2\hamcrest-2.2.jar;C:\Colombo\Repository\org\junit\jupiter\junit-jupiter\5.8.2\junit-jupiter-5.8.2.jar;C:\Colombo\Repository\org\junit\jupiter\junit-jupiter-api\5.8.2\junit-jupiter-api-5.8.2.jar;C:\Colombo\Repository\org\opentest4j\opentest4j\1.2.0\opentest4j-1.2.0.jar;C:\Colombo\Repository\org\junit\platform\junit-platform-commons\1.8.2\junit-platform-commons-1.8.2.jar;C:\Colombo\Repository\org\apiguardian\apiguardian-api\1.1.2\apiguardian-api-1.1.2.jar;C:\Colombo\Repository\org\junit\jupiter\junit-jupiter-params\5.8.2\junit-jupiter-params-5.8.2.jar;C:\Colombo\Repository\org\junit\jupiter\junit-jupiter-engine\5.8.2\junit-jupiter-engine-5.8.2.jar;C:\Colombo\Repository\org\junit\platform\junit-platform-engine\1.8.2\junit-platform-engine-1.8.2.jar;C:\Colombo\Repository\org\mockito\mockito-core\4.5.1\mockito-core-4.5.1.jar;C:\Colombo\Repository\net\bytebuddy\byte-buddy\1.12.12\byte-buddy-1.12.12.jar;C:\Colombo\Repository\net\bytebuddy\byte-buddy-agent\1.12.12\byte-buddy-agent-1.12.12.jar;C:\Colombo\Repository\org\objenesis\objenesis\3.2\objenesis-3.2.jar;C:\Colombo\Repository\org\mockito\mockito-junit-jupiter\4.5.1\mockito-junit-jupiter-4.5.1.jar;C:\Colombo\Repository\org\skyscreamer\jsonassert\1.5.1\jsonassert-1.5.1.jar;C:\Colombo\Repository\com\vaadin\external\google\android-json\0.0.20131108.vaadin1\android-json-0.0.20131108.vaadin1.jar;C:\Colombo\Repository\org\springframework\spring-core\5.3.22\spring-core-5.3.22.jar;C:\Colombo\Repository\org\springframework\spring-jcl\5.3.22\spring-jcl-5.3.22.jar;C:\Colombo\Repository\org\springframework\spring-test\5.3.22\spring-test-5.3.22.jar;C:\Colombo\Repository\org\xmlunit\xmlunit-core\2.9.0\xmlunit-core-2.9.0.jar;"/>
    <property name="java.vm.vendor" value="Oracle Corporation"/>
    <property name="sun.arch.data.model" value="64"/>
    <property name="user.variant" value=""/>
    <property name="java.vendor.url" value="https://openjdk.java.net/"/>
    <property name="user.timezone" value="America/Sao_Paulo"/>
    <property name="java.vm.specification.version" value="11"/>
    <property name="os.name" value="Windows 10"/>
    <property name="sun.java.launcher" value="SUN_STANDARD"/>
    <property name="user.country" value="BR"/>
    <property name="sun.boot.library.path" value="C:\Program Files\Java\jdk-11\bin"/>
    <property name="sun.java.command" value="C:\Users\mcolombo\AppData\Local\Temp\surefire16853553526751065232\surefirebooter5890885436419105396.jar C:\Users\mcolombo\AppData\Local\Temp\surefire16853553526751065232 2024-09-17T10-59-30_181-jvmRun1 surefire15081190210956471327tmp surefire_05933667066588976751tmp"/>
    <property name="jdk.debug" value="release"/>
    <property name="surefire.test.class.path" value="C:\Colombo\Pessoal\UNASP-HT\projeto-software\ProjetoSoftware\ExemploSpringBoot03\target\test-classes;C:\Colombo\Pessoal\UNASP-HT\projeto-software\ProjetoSoftware\ExemploSpringBoot03\target\classes;C:\Colombo\Repository\org\springframework\boot\spring-boot-starter-web\2.7.2\spring-boot-starter-web-2.7.2.jar;C:\Colombo\Repository\org\springframework\boot\spring-boot-starter\2.7.2\spring-boot-starter-2.7.2.jar;C:\Colombo\Repository\org\springframework\boot\spring-boot\2.7.2\spring-boot-2.7.2.jar;C:\Colombo\Repository\org\springframework\boot\spring-boot-autoconfigure\2.7.2\spring-boot-autoconfigure-2.7.2.jar;C:\Colombo\Repository\org\springframework\boot\spring-boot-starter-logging\2.7.2\spring-boot-starter-logging-2.7.2.jar;C:\Colombo\Repository\ch\qos\logback\logback-classic\1.2.11\logback-classic-1.2.11.jar;C:\Colombo\Repository\ch\qos\logback\logback-core\1.2.11\logback-core-1.2.11.jar;C:\Colombo\Repository\org\apache\logging\log4j\log4j-to-slf4j\2.17.2\log4j-to-slf4j-2.17.2.jar;C:\Colombo\Repository\org\apache\logging\log4j\log4j-api\2.17.2\log4j-api-2.17.2.jar;C:\Colombo\Repository\org\slf4j\jul-to-slf4j\1.7.36\jul-to-slf4j-1.7.36.jar;C:\Colombo\Repository\jakarta\annotation\jakarta.annotation-api\1.3.5\jakarta.annotation-api-1.3.5.jar;C:\Colombo\Repository\org\yaml\snakeyaml\1.30\snakeyaml-1.30.jar;C:\Colombo\Repository\org\springframework\boot\spring-boot-starter-json\2.7.2\spring-boot-starter-json-2.7.2.jar;C:\Colombo\Repository\com\fasterxml\jackson\core\jackson-databind\2.13.3\jackson-databind-2.13.3.jar;C:\Colombo\Repository\com\fasterxml\jackson\core\jackson-annotations\2.13.3\jackson-annotations-2.13.3.jar;C:\Colombo\Repository\com\fasterxml\jackson\core\jackson-core\2.13.3\jackson-core-2.13.3.jar;C:\Colombo\Repository\com\fasterxml\jackson\datatype\jackson-datatype-jdk8\2.13.3\jackson-datatype-jdk8-2.13.3.jar;C:\Colombo\Repository\com\fasterxml\jackson\datatype\jackson-datatype-jsr310\2.13.3\jackson-datatype-jsr310-2.13.3.jar;C:\Colombo\Repository\com\fasterxml\jackson\module\jackson-module-parameter-names\2.13.3\jackson-module-parameter-names-2.13.3.jar;C:\Colombo\Repository\org\springframework\boot\spring-boot-starter-tomcat\2.7.2\spring-boot-starter-tomcat-2.7.2.jar;C:\Colombo\Repository\org\apache\tomcat\embed\tomcat-embed-core\9.0.65\tomcat-embed-core-9.0.65.jar;C:\Colombo\Repository\org\apache\tomcat\embed\tomcat-embed-el\9.0.65\tomcat-embed-el-9.0.65.jar;C:\Colombo\Repository\org\apache\tomcat\embed\tomcat-embed-websocket\9.0.65\tomcat-embed-websocket-9.0.65.jar;C:\Colombo\Repository\org\springframework\spring-web\5.3.22\spring-web-5.3.22.jar;C:\Colombo\Repository\org\springframework\spring-beans\5.3.22\spring-beans-5.3.22.jar;C:\Colombo\Repository\org\springframework\spring-webmvc\5.3.22\spring-webmvc-5.3.22.jar;C:\Colombo\Repository\org\springframework\spring-aop\5.3.22\spring-aop-5.3.22.jar;C:\Colombo\Repository\org\springframework\spring-context\5.3.22\spring-context-5.3.22.jar;C:\Colombo\Repository\org\springframework\spring-expression\5.3.22\spring-expression-5.3.22.jar;C:\Colombo\Repository\org\springframework\boot\spring-boot-starter-test\2.7.2\spring-boot-starter-test-2.7.2.jar;C:\Colombo\Repository\org\springframework\boot\spring-boot-test\2.7.2\spring-boot-test-2.7.2.jar;C:\Colombo\Repository\org\springframework\boot\spring-boot-test-autoconfigure\2.7.2\spring-boot-test-autoconfigure-2.7.2.jar;C:\Colombo\Repository\com\jayway\jsonpath\json-path\2.7.0\json-path-2.7.0.jar;C:\Colombo\Repository\net\minidev\json-smart\2.4.8\json-smart-2.4.8.jar;C:\Colombo\Repository\net\minidev\accessors-smart\2.4.8\accessors-smart-2.4.8.jar;C:\Colombo\Repository\org\ow2\asm\asm\9.1\asm-9.1.jar;C:\Colombo\Repository\org\slf4j\slf4j-api\1.7.36\slf4j-api-1.7.36.jar;C:\Colombo\Repository\jakarta\xml\bind\jakarta.xml.bind-api\2.3.3\jakarta.xml.bind-api-2.3.3.jar;C:\Colombo\Repository\jakarta\activation\jakarta.activation-api\1.2.2\jakarta.activation-api-1.2.2.jar;C:\Colombo\Repository\org\assertj\assertj-core\3.22.0\assertj-core-3.22.0.jar;C:\Colombo\Repository\org\hamcrest\hamcrest\2.2\hamcrest-2.2.jar;C:\Colombo\Repository\org\junit\jupiter\junit-jupiter\5.8.2\junit-jupiter-5.8.2.jar;C:\Colombo\Repository\org\junit\jupiter\junit-jupiter-api\5.8.2\junit-jupiter-api-5.8.2.jar;C:\Colombo\Repository\org\opentest4j\opentest4j\1.2.0\opentest4j-1.2.0.jar;C:\Colombo\Repository\org\junit\platform\junit-platform-commons\1.8.2\junit-platform-commons-1.8.2.jar;C:\Colombo\Repository\org\apiguardian\apiguardian-api\1.1.2\apiguardian-api-1.1.2.jar;C:\Colombo\Repository\org\junit\jupiter\junit-jupiter-params\5.8.2\junit-jupiter-params-5.8.2.jar;C:\Colombo\Repository\org\junit\jupiter\junit-jupiter-engine\5.8.2\junit-jupiter-engine-5.8.2.jar;C:\Colombo\Repository\org\junit\platform\junit-platform-engine\1.8.2\junit-platform-engine-1.8.2.jar;C:\Colombo\Repository\org\mockito\mockito-core\4.5.1\mockito-core-4.5.1.jar;C:\Colombo\Repository\net\bytebuddy\byte-buddy\1.12.12\byte-buddy-1.12.12.jar;C:\Colombo\Repository\net\bytebuddy\byte-buddy-agent\1.12.12\byte-buddy-agent-1.12.12.jar;C:\Colombo\Repository\org\objenesis\objenesis\3.2\objenesis-3.2.jar;C:\Colombo\Repository\org\mockito\mockito-junit-jupiter\4.5.1\mockito-junit-jupiter-4.5.1.jar;C:\Colombo\Repository\org\skyscreamer\jsonassert\1.5.1\jsonassert-1.5.1.jar;C:\Colombo\Repository\com\vaadin\external\google\android-json\0.0.20131108.vaadin1\android-json-0.0.20131108.vaadin1.jar;C:\Colombo\Repository\org\springframework\spring-core\5.3.22\spring-core-5.3.22.jar;C:\Colombo\Repository\org\springframework\spring-jcl\5.3.22\spring-jcl-5.3.22.jar;C:\Colombo\Repository\org\springframework\spring-test\5.3.22\spring-test-5.3.22.jar;C:\Colombo\Repository\org\xmlunit\xmlunit-core\2.9.0\xmlunit-core-2.9.0.jar;"/>
    <property name="sun.cpu.endian" value="little"/>
    <property name="user.home" value="C:\Users\mcolombo"/>
    <property name="user.language" value="pt"/>
    <property name="java.specification.vendor" value="Oracle Corporation"/>
    <property name="java.version.date" value="2023-01-17"/>
    <property name="java.home" value="C:\Program Files\Java\jdk-11"/>
    <property name="file.separator" value="\"/>
    <property name="basedir" value="C:\Colombo\Pessoal\UNASP-HT\projeto-software\ProjetoSoftware\ExemploSpringBoot03"/>
    <property name="java.vm.compressedOopsMode" value="Zero based"/>
    <property name="line.separator" value="&#10;"/>
    <property name="java.specification.name" value="Java Platform API Specification"/>
    <property name="java.vm.specification.vendor" value="Oracle Corporation"/>
    <property name="java.awt.graphicsenv" value="sun.awt.Win32GraphicsEnvironment"/>
    <property name="surefire.real.class.path" value="C:\Users\mcolombo\AppData\Local\Temp\surefire16853553526751065232\surefirebooter5890885436419105396.jar"/>
    <property name="user.script" value=""/>
    <property name="sun.management.compiler" value="HotSpot 64-Bit Tiered Compilers"/>
    <property name="java.runtime.version" value="11.0.18+9-LTS-195"/>
    <property name="user.name" value="mcolombo"/>
    <property name="path.separator" value=";"/>
    <property name="os.version" value="10.0"/>
    <property name="java.runtime.name" value="Java(TM) SE Runtime Environment"/>
    <property name="file.encoding" value="Cp1252"/>
    <property name="java.vm.name" value="Java HotSpot(TM) 64-Bit Server VM"/>
    <property name="java.vendor.version" value="18.9"/>
    <property name="localRepository" value="C:\Colombo\Repository"/>
    <property name="java.vendor.url.bug" value="https://bugreport.java.com/bugreport/"/>
    <property name="java.io.tmpdir" value="C:\Users\mcolombo\AppData\Local\Temp\"/>
    <property name="java.version" value="11.0.18"/>
    <property name="user.dir" value="C:\Colombo\Pessoal\UNASP-HT\projeto-software\ProjetoSoftware\ExemploSpringBoot03"/>
    <property name="os.arch" value="amd64"/>
    <property name="java.vm.specification.name" value="Java Virtual Machine Specification"/>
    <property name="java.awt.printerjob" value="sun.awt.windows.WPrinterJob"/>
    <property name="sun.os.patch.level" value=""/>
    <property name="java.library.path" value="C:\Program Files\Java\jdk-11\bin;C:\windows\Sun\Java\bin;C:\windows\system32;C:\windows;C:\Program Files\Java\jdk1.8.0_202\bin;C:\Colombo\Instalacao\apache-ant-1.9.13\bin;C:\Colombo\Instalacao\apache-maven-3.3.3\bin;C:\Program Files\Common Files\Oracle\Java\javapath;C:\Oracle19c\product\19.0.0\client_1\bin;C:\windows\system32;C:\Program Files (x86)\Common Files\Oracle\Java\javapath;C:\windows;C:\windows\System32\Wbem;C:\windows\System32\WindowsPowerShell\v1.0\;C:\windows\System32\OpenSSH\;C:\Program Files (x86)\GitExtensions\;C:\Program Files\PuTTY\;C:\Program Files\TortoiseSVN\bin;C:\Program Files\WinMerge;C:\Program Files\nodejs\;C:\Program Files\TortoiseGit\bin;C:\Oracle19c\product\19.0.0\client_1\bin;C:\Program Files\dotnet\;C:\Colombo\Pessoal\UNASP-HT\dispositivos-moveis\flutter\bin;C:\Users\mcolombo\AppData\Local\Microsoft\WindowsApps;C:\Colombo\Instalacao\Microsoft-VS-Code\bin;C:\Users\mcolombo\AppData\Roaming\npm;C:\Users\mcolombo\AppData\Local\Programs\Git\cmd;."/>
    <property name="java.vendor" value="Oracle Corporation"/>
    <property name="java.vm.info" value="mixed mode"/>
    <property name="java.vm.version" value="11.0.18+9-LTS-195"/>
    <property name="sun.io.unicode.encoding" value="UnicodeLittle"/>
    <property name="java.class.version" value="55.0"/>
  </properties>
  <testcase name="testCriarPessoaComIdadeZero" classname="br.unasp.projeto.controle.PessoaControleTest" time="0.502"/>
  <testcase name="testCriarPessoaComIdadeNegativa" classname="br.unasp.projeto.controle.PessoaControleTest" time="0.034">
    <failure message="Status expected:&lt;400&gt; but was:&lt;200&gt;" type="java.lang.AssertionError"><![CDATA[java.lang.AssertionError: Status expected:<400> but was:<200>
	at br.unasp.projeto.controle.PessoaControleTest.testCriarPessoaComIdadeNegativa(PessoaControleTest.java:42)
]]></failure>
    <system-out><![CDATA[
MockHttpServletRequest:
      HTTP Method = PUT
      Request URI = /api/pessoa
       Parameters = {nome=[Maria], idade=[-5]}
          Headers = []
             Body = null
    Session Attrs = {}

Handler:
             Type = br.unasp.projeto.controle.PessoaControle
           Method = br.unasp.projeto.controle.PessoaControle#criarPessoa(String, int)

Async:
    Async started = false
     Async result = null

Resolved Exception:
             Type = null

ModelAndView:
        View name = null
             View = null
            Model = null

FlashMap:
       Attributes = null

MockHttpServletResponse:
           Status = 200
    Error message = null
          Headers = [Content-Type:"application/json"]
     Content type = application/json
             Body = {"nome":"Maria","idade":-5}
    Forwarded URL = null
   Redirected URL = null
          Cookies = []
]]></system-out>
  </testcase>
  <testcase name="testCriarPessoaComNomeEIdadeMaxima" classname="br.unasp.projeto.controle.PessoaControleTest" time="0"/>
  <testcase name="testCriarPessoaComNomeVazio" classname="br.unasp.projeto.controle.PessoaControleTest" time="0.031">
    <failure message="Status expected:&lt;400&gt; but was:&lt;200&gt;" type="java.lang.AssertionError"><![CDATA[java.lang.AssertionError: Status expected:<400> but was:<200>
	at br.unasp.projeto.controle.PessoaControleTest.testCriarPessoaComNomeVazio(PessoaControleTest.java:29)
]]></failure>
    <system-out><![CDATA[
MockHttpServletRequest:
      HTTP Method = PUT
      Request URI = /api/pessoa
       Parameters = {nome=[], idade=[25]}
          Headers = []
             Body = null
    Session Attrs = {}

Handler:
             Type = br.unasp.projeto.controle.PessoaControle
           Method = br.unasp.projeto.controle.PessoaControle#criarPessoa(String, int)

Async:
    Async started = false
     Async result = null

Resolved Exception:
             Type = null

ModelAndView:
        View name = null
             View = null
            Model = null

FlashMap:
       Attributes = null

MockHttpServletResponse:
           Status = 200
    Error message = null
          Headers = [Content-Type:"application/json"]
     Content type = application/json
             Body = {"nome":"","idade":25}
    Forwarded URL = null
   Redirected URL = null
          Cookies = []
]]></system-out>
  </testcase>
  <testcase name="testCriarPessoa" classname="br.unasp.projeto.controle.PessoaControleTest" time="0"/>
</testsuite>